{"/home/guilherme/driven/drivent1-ref-initial/src/config/database.ts": {"path":"/home/guilherme/driven/drivent1-ref-initial/src/config/database.ts","statementMap":{"0":{"start":{"line":1,"column":0},"end":{"line":1,"column":46}},"1":{"start":{"line":5,"column":2},"end":{"line":5,"column":30}},"2":{"start":{"line":4,"column":0},"end":{"line":4,"column":16}},"3":{"start":{"line":9,"column":2},"end":{"line":9,"column":30}},"4":{"start":{"line":8,"column":0},"end":{"line":8,"column":7}}},"fnMap":{"0":{"name":"connectDb","decl":{"start":{"line":4,"column":16},"end":{"line":4,"column":25}},"loc":{"start":{"line":4,"column":25},"end":{"line":6,"column":1}}},"1":{"name":"disconnectDB","decl":{"start":{"line":8,"column":22},"end":{"line":8,"column":34}},"loc":{"start":{"line":8,"column":34},"end":{"line":10,"column":1}}}},"branchMap":{},"s":{"0":2,"1":0,"2":2,"3":0,"4":2},"f":{"0":0,"1":0},"b":{}}
,"/home/guilherme/driven/drivent1-ref-initial/src/config/envs.ts": {"path":"/home/guilherme/driven/drivent1-ref-initial/src/config/envs.ts","statementMap":{"0":{"start":{"line":1,"column":0},"end":{"line":1,"column":28}},"1":{"start":{"line":2,"column":0},"end":{"line":2,"column":41}},"2":{"start":{"line":6,"column":4},"end":{"line":10,"column":14}},"3":{"start":{"line":12,"column":22},"end":{"line":12,"column":45}},"4":{"start":{"line":13,"column":2},"end":{"line":13,"column":35}},"5":{"start":{"line":4,"column":0},"end":{"line":4,"column":16}}},"fnMap":{"0":{"name":"loadEnv","decl":{"start":{"line":4,"column":16},"end":{"line":4,"column":23}},"loc":{"start":{"line":4,"column":23},"end":{"line":14,"column":1}}}},"branchMap":{"0":{"loc":{"start":{"line":6,"column":4},"end":{"line":10,"column":14}},"type":"cond-expr","locations":[{"start":{"line":7,"column":8},"end":{"line":7,"column":19}},{"start":{"line":8,"column":8},"end":{"line":10,"column":14}}]},"1":{"loc":{"start":{"line":8,"column":8},"end":{"line":10,"column":14}},"type":"cond-expr","locations":[{"start":{"line":9,"column":8},"end":{"line":9,"column":26}},{"start":{"line":10,"column":8},"end":{"line":10,"column":14}}]}},"s":{"0":2,"1":2,"2":2,"3":2,"4":2,"5":2},"f":{"0":2},"b":{"0":[2,0],"1":[0,0]}}
,"/home/guilherme/driven/drivent1-ref-initial/src/config/index.ts": {"path":"/home/guilherme/driven/drivent1-ref-initial/src/config/index.ts","statementMap":{"0":{"start":{"line":1,"column":0},"end":{"line":1,"column":23}},"1":{"start":{"line":2,"column":0},"end":{"line":2,"column":27}}},"fnMap":{},"branchMap":{},"s":{"0":2,"1":2},"f":{},"b":{}}
,"/home/guilherme/driven/drivent1-ref-initial/src/errors/cannot-enroll-before-start-date-error.ts": {"path":"/home/guilherme/driven/drivent1-ref-initial/src/errors/cannot-enroll-before-start-date-error.ts","statementMap":{"0":{"start":{"line":4,"column":2},"end":{"line":7,"column":4}},"1":{"start":{"line":3,"column":0},"end":{"line":3,"column":16}}},"fnMap":{"0":{"name":"cannotEnrollBeforeStartDateError","decl":{"start":{"line":3,"column":16},"end":{"line":3,"column":48}},"loc":{"start":{"line":3,"column":48},"end":{"line":8,"column":1}}}},"branchMap":{},"s":{"0":0,"1":2},"f":{"0":0},"b":{}}
,"/home/guilherme/driven/drivent1-ref-initial/src/errors/conflict-error.ts": {"path":"/home/guilherme/driven/drivent1-ref-initial/src/errors/conflict-error.ts","statementMap":{"0":{"start":{"line":4,"column":2},"end":{"line":7,"column":4}},"1":{"start":{"line":3,"column":0},"end":{"line":3,"column":16}}},"fnMap":{"0":{"name":"conflictError","decl":{"start":{"line":3,"column":16},"end":{"line":3,"column":29}},"loc":{"start":{"line":3,"column":45},"end":{"line":8,"column":1}}}},"branchMap":{},"s":{"0":0,"1":2},"f":{"0":0},"b":{}}
,"/home/guilherme/driven/drivent1-ref-initial/src/errors/forbidden-error.ts": {"path":"/home/guilherme/driven/drivent1-ref-initial/src/errors/forbidden-error.ts","statementMap":{"0":{"start":{"line":4,"column":2},"end":{"line":7,"column":4}},"1":{"start":{"line":3,"column":0},"end":{"line":3,"column":16}}},"fnMap":{"0":{"name":"forbiddenError","decl":{"start":{"line":3,"column":16},"end":{"line":3,"column":30}},"loc":{"start":{"line":3,"column":30},"end":{"line":8,"column":1}}}},"branchMap":{},"s":{"0":14,"1":2},"f":{"0":14},"b":{}}
,"/home/guilherme/driven/drivent1-ref-initial/src/errors/index.ts": {"path":"/home/guilherme/driven/drivent1-ref-initial/src/errors/index.ts","statementMap":{"0":{"start":{"line":1,"column":0},"end":{"line":1,"column":56}},"1":{"start":{"line":2,"column":0},"end":{"line":2,"column":33}},"2":{"start":{"line":3,"column":0},"end":{"line":3,"column":37}},"3":{"start":{"line":4,"column":0},"end":{"line":4,"column":38}},"4":{"start":{"line":5,"column":0},"end":{"line":5,"column":34}},"5":{"start":{"line":6,"column":0},"end":{"line":6,"column":37}},"6":{"start":{"line":7,"column":0},"end":{"line":7,"column":32}},"7":{"start":{"line":8,"column":0},"end":{"line":8,"column":41}},"8":{"start":{"line":9,"column":0},"end":{"line":9,"column":34}}},"fnMap":{},"branchMap":{},"s":{"0":2,"1":2,"2":2,"3":2,"4":2,"5":2,"6":2,"7":2,"8":2},"f":{},"b":{}}
,"/home/guilherme/driven/drivent1-ref-initial/src/errors/invalid-data-error.ts": {"path":"/home/guilherme/driven/drivent1-ref-initial/src/errors/invalid-data-error.ts","statementMap":{"0":{"start":{"line":4,"column":2},"end":{"line":8,"column":4}},"1":{"start":{"line":3,"column":0},"end":{"line":3,"column":16}}},"fnMap":{"0":{"name":"invalidDataError","decl":{"start":{"line":3,"column":16},"end":{"line":3,"column":32}},"loc":{"start":{"line":3,"column":50},"end":{"line":9,"column":1}}}},"branchMap":{},"s":{"0":0,"1":2},"f":{"0":0},"b":{}}
,"/home/guilherme/driven/drivent1-ref-initial/src/errors/invalid-email-error.ts": {"path":"/home/guilherme/driven/drivent1-ref-initial/src/errors/invalid-email-error.ts","statementMap":{"0":{"start":{"line":4,"column":2},"end":{"line":8,"column":4}},"1":{"start":{"line":3,"column":0},"end":{"line":3,"column":16}}},"fnMap":{"0":{"name":"invalidEmailError","decl":{"start":{"line":3,"column":16},"end":{"line":3,"column":33}},"loc":{"start":{"line":3,"column":47},"end":{"line":9,"column":1}}}},"branchMap":{},"s":{"0":0,"1":2},"f":{"0":0},"b":{}}
,"/home/guilherme/driven/drivent1-ref-initial/src/errors/not-found-error.ts": {"path":"/home/guilherme/driven/drivent1-ref-initial/src/errors/not-found-error.ts","statementMap":{"0":{"start":{"line":4,"column":2},"end":{"line":7,"column":4}},"1":{"start":{"line":3,"column":0},"end":{"line":3,"column":16}}},"fnMap":{"0":{"name":"notFoundError","decl":{"start":{"line":3,"column":16},"end":{"line":3,"column":29}},"loc":{"start":{"line":3,"column":29},"end":{"line":8,"column":1}}}},"branchMap":{},"s":{"0":10,"1":2},"f":{"0":10},"b":{}}
,"/home/guilherme/driven/drivent1-ref-initial/src/errors/payment-required-error.ts": {"path":"/home/guilherme/driven/drivent1-ref-initial/src/errors/payment-required-error.ts","statementMap":{"0":{"start":{"line":4,"column":2},"end":{"line":7,"column":4}},"1":{"start":{"line":3,"column":0},"end":{"line":3,"column":16}}},"fnMap":{"0":{"name":"paymentRequiredError","decl":{"start":{"line":3,"column":16},"end":{"line":3,"column":36}},"loc":{"start":{"line":3,"column":36},"end":{"line":8,"column":1}}}},"branchMap":{},"s":{"0":0,"1":2},"f":{"0":0},"b":{}}
,"/home/guilherme/driven/drivent1-ref-initial/src/errors/request-error.ts": {"path":"/home/guilherme/driven/drivent1-ref-initial/src/errors/request-error.ts","statementMap":{"0":{"start":{"line":4,"column":2},"end":{"line":10,"column":4}},"1":{"start":{"line":3,"column":0},"end":{"line":3,"column":16}}},"fnMap":{"0":{"name":"requestError","decl":{"start":{"line":3,"column":16},"end":{"line":3,"column":28}},"loc":{"start":{"line":3,"column":63},"end":{"line":11,"column":1}}}},"branchMap":{},"s":{"0":0,"1":2},"f":{"0":0},"b":{}}
,"/home/guilherme/driven/drivent1-ref-initial/src/errors/unauthorized-error.ts": {"path":"/home/guilherme/driven/drivent1-ref-initial/src/errors/unauthorized-error.ts","statementMap":{"0":{"start":{"line":4,"column":2},"end":{"line":7,"column":4}},"1":{"start":{"line":3,"column":0},"end":{"line":3,"column":16}}},"fnMap":{"0":{"name":"unauthorizedError","decl":{"start":{"line":3,"column":16},"end":{"line":3,"column":33}},"loc":{"start":{"line":3,"column":33},"end":{"line":8,"column":1}}}},"branchMap":{},"s":{"0":0,"1":2},"f":{"0":0},"b":{}}
,"/home/guilherme/driven/drivent1-ref-initial/src/repositories/booking-repository/index.ts": {"path":"/home/guilherme/driven/drivent1-ref-initial/src/repositories/booking-repository/index.ts","statementMap":{"0":{"start":{"line":2,"column":0},"end":{"line":2,"column":34}},"1":{"start":{"line":5,"column":2},"end":{"line":11,"column":5}},"2":{"start":{"line":15,"column":2},"end":{"line":23,"column":5}},"3":{"start":{"line":27,"column":2},"end":{"line":38,"column":5}},"4":{"start":{"line":42,"column":2},"end":{"line":49,"column":5}},"5":{"start":{"line":53,"column":2},"end":{"line":53,"column":71}},"6":{"start":{"line":56,"column":26},"end":{"line":62,"column":2}},"7":{"start":{"line":63,"column":0},"end":{"line":63,"column":33}}},"fnMap":{"0":{"name":"findFirstBooking","decl":{"start":{"line":4,"column":15},"end":{"line":4,"column":31}},"loc":{"start":{"line":4,"column":46},"end":{"line":12,"column":1}}},"1":{"name":"createBooking","decl":{"start":{"line":14,"column":15},"end":{"line":14,"column":28}},"loc":{"start":{"line":14,"column":59},"end":{"line":24,"column":1}}},"2":{"name":"checkRoom","decl":{"start":{"line":26,"column":15},"end":{"line":26,"column":24}},"loc":{"start":{"line":26,"column":39},"end":{"line":39,"column":1}}},"3":{"name":"updateBookig","decl":{"start":{"line":41,"column":15},"end":{"line":41,"column":27}},"loc":{"start":{"line":41,"column":61},"end":{"line":50,"column":1}}},"4":{"name":"checkBooking","decl":{"start":{"line":52,"column":15},"end":{"line":52,"column":27}},"loc":{"start":{"line":52,"column":45},"end":{"line":54,"column":1}}}},"branchMap":{},"s":{"0":1,"1":0,"2":0,"3":0,"4":0,"5":0,"6":1,"7":1},"f":{"0":0,"1":0,"2":0,"3":0,"4":0},"b":{}}
,"/home/guilherme/driven/drivent1-ref-initial/src/repositories/tickets-repository/index.ts": {"path":"/home/guilherme/driven/drivent1-ref-initial/src/repositories/tickets-repository/index.ts","statementMap":{"0":{"start":{"line":2,"column":0},"end":{"line":2,"column":34}},"1":{"start":{"line":5,"column":2},"end":{"line":5,"column":44}},"2":{"start":{"line":9,"column":2},"end":{"line":19,"column":5}},"3":{"start":{"line":23,"column":2},"end":{"line":32,"column":5}},"4":{"start":{"line":36,"column":2},"end":{"line":36,"column":66}},"5":{"start":{"line":40,"column":17},"end":{"line":49,"column":4}},"6":{"start":{"line":51,"column":2},"end":{"line":51,"column":16}},"7":{"start":{"line":54,"column":25},"end":{"line":60,"column":2}},"8":{"start":{"line":61,"column":0},"end":{"line":61,"column":32}}},"fnMap":{"0":{"name":"findManyTicketsTypes","decl":{"start":{"line":4,"column":15},"end":{"line":4,"column":35}},"loc":{"start":{"line":4,"column":35},"end":{"line":6,"column":1}}},"1":{"name":"findUniqueTicketById","decl":{"start":{"line":8,"column":15},"end":{"line":8,"column":35}},"loc":{"start":{"line":8,"column":46},"end":{"line":20,"column":1}}},"2":{"name":"findFirstTicketByUser","decl":{"start":{"line":22,"column":15},"end":{"line":22,"column":36}},"loc":{"start":{"line":22,"column":51},"end":{"line":33,"column":1}}},"3":{"name":"findEnrollment","decl":{"start":{"line":35,"column":15},"end":{"line":35,"column":29}},"loc":{"start":{"line":35,"column":44},"end":{"line":37,"column":1}}},"4":{"name":"createTicket","decl":{"start":{"line":39,"column":15},"end":{"line":39,"column":27}},"loc":{"start":{"line":39,"column":86},"end":{"line":52,"column":1}}}},"branchMap":{},"s":{"0":2,"1":0,"2":0,"3":0,"4":0,"5":0,"6":0,"7":2,"8":2},"f":{"0":0,"1":0,"2":0,"3":0,"4":0},"b":{}}
,"/home/guilherme/driven/drivent1-ref-initial/src/services/booking-service/index.ts": {"path":"/home/guilherme/driven/drivent1-ref-initial/src/services/booking-service/index.ts","statementMap":{"0":{"start":{"line":1,"column":0},"end":{"line":1,"column":46}},"1":{"start":{"line":2,"column":0},"end":{"line":2,"column":57}},"2":{"start":{"line":3,"column":0},"end":{"line":3,"column":66}},"3":{"start":{"line":4,"column":0},"end":{"line":4,"column":65}},"4":{"start":{"line":7,"column":18},"end":{"line":7,"column":66}},"5":{"start":{"line":8,"column":2},"end":{"line":8,"column":38}},"6":{"start":{"line":8,"column":16},"end":{"line":8,"column":38}},"7":{"start":{"line":10,"column":2},"end":{"line":10,"column":17}},"8":{"start":{"line":14,"column":17},"end":{"line":14,"column":69}},"9":{"start":{"line":15,"column":2},"end":{"line":16,"column":27}},"10":{"start":{"line":16,"column":4},"end":{"line":16,"column":27}},"11":{"start":{"line":18,"column":15},"end":{"line":18,"column":56}},"12":{"start":{"line":19,"column":2},"end":{"line":19,"column":35}},"13":{"start":{"line":19,"column":13},"end":{"line":19,"column":35}},"14":{"start":{"line":20,"column":2},"end":{"line":20,"column":68}},"15":{"start":{"line":20,"column":45},"end":{"line":20,"column":68}},"16":{"start":{"line":22,"column":18},"end":{"line":22,"column":71}},"17":{"start":{"line":23,"column":2},"end":{"line":23,"column":17}},"18":{"start":{"line":27,"column":18},"end":{"line":27,"column":65}},"19":{"start":{"line":28,"column":2},"end":{"line":28,"column":39}},"20":{"start":{"line":28,"column":16},"end":{"line":28,"column":39}},"21":{"start":{"line":29,"column":2},"end":{"line":29,"column":56}},"22":{"start":{"line":29,"column":33},"end":{"line":29,"column":56}},"23":{"start":{"line":31,"column":15},"end":{"line":31,"column":56}},"24":{"start":{"line":32,"column":2},"end":{"line":32,"column":35}},"25":{"start":{"line":32,"column":13},"end":{"line":32,"column":35}},"26":{"start":{"line":33,"column":2},"end":{"line":33,"column":68}},"27":{"start":{"line":33,"column":45},"end":{"line":33,"column":68}},"28":{"start":{"line":35,"column":2},"end":{"line":35,"column":58}},"29":{"start":{"line":37,"column":2},"end":{"line":37,"column":23}},"30":{"start":{"line":40,"column":23},"end":{"line":44,"column":2}},"31":{"start":{"line":45,"column":0},"end":{"line":45,"column":30}}},"fnMap":{"0":{"name":"getBooking","decl":{"start":{"line":6,"column":15},"end":{"line":6,"column":25}},"loc":{"start":{"line":6,"column":40},"end":{"line":11,"column":1}}},"1":{"name":"postBooking","decl":{"start":{"line":13,"column":15},"end":{"line":13,"column":26}},"loc":{"start":{"line":13,"column":57},"end":{"line":24,"column":1}}},"2":{"name":"updateBooking","decl":{"start":{"line":26,"column":15},"end":{"line":26,"column":28}},"loc":{"start":{"line":26,"column":78},"end":{"line":38,"column":1}}}},"branchMap":{"0":{"loc":{"start":{"line":8,"column":2},"end":{"line":8,"column":38}},"type":"if","locations":[{"start":{"line":8,"column":2},"end":{"line":8,"column":38}}]},"1":{"loc":{"start":{"line":15,"column":2},"end":{"line":16,"column":27}},"type":"if","locations":[{"start":{"line":15,"column":2},"end":{"line":16,"column":27}}]},"2":{"loc":{"start":{"line":15,"column":6},"end":{"line":15,"column":107}},"type":"binary-expr","locations":[{"start":{"line":15,"column":6},"end":{"line":15,"column":41}},{"start":{"line":15,"column":45},"end":{"line":15,"column":71}},{"start":{"line":15,"column":75},"end":{"line":15,"column":107}}]},"3":{"loc":{"start":{"line":19,"column":2},"end":{"line":19,"column":35}},"type":"if","locations":[{"start":{"line":19,"column":2},"end":{"line":19,"column":35}}]},"4":{"loc":{"start":{"line":20,"column":2},"end":{"line":20,"column":68}},"type":"if","locations":[{"start":{"line":20,"column":2},"end":{"line":20,"column":68}}]},"5":{"loc":{"start":{"line":28,"column":2},"end":{"line":28,"column":39}},"type":"if","locations":[{"start":{"line":28,"column":2},"end":{"line":28,"column":39}}]},"6":{"loc":{"start":{"line":29,"column":2},"end":{"line":29,"column":56}},"type":"if","locations":[{"start":{"line":29,"column":2},"end":{"line":29,"column":56}}]},"7":{"loc":{"start":{"line":32,"column":2},"end":{"line":32,"column":35}},"type":"if","locations":[{"start":{"line":32,"column":2},"end":{"line":32,"column":35}}]},"8":{"loc":{"start":{"line":33,"column":2},"end":{"line":33,"column":68}},"type":"if","locations":[{"start":{"line":33,"column":2},"end":{"line":33,"column":68}}]}},"s":{"0":1,"1":1,"2":1,"3":1,"4":2,"5":2,"6":1,"7":1,"8":6,"9":6,"10":3,"11":3,"12":3,"13":1,"14":2,"15":1,"16":1,"17":1,"18":5,"19":5,"20":1,"21":4,"22":1,"23":3,"24":3,"25":1,"26":2,"27":1,"28":1,"29":1,"30":1,"31":1},"f":{"0":2,"1":6,"2":5},"b":{"0":[1],"1":[3],"2":[6,5,4],"3":[1],"4":[1],"5":[1],"6":[1],"7":[1],"8":[1]}}
,"/home/guilherme/driven/drivent1-ref-initial/src/services/tickets-service/index.ts": {"path":"/home/guilherme/driven/drivent1-ref-initial/src/services/tickets-service/index.ts","statementMap":{"0":{"start":{"line":1,"column":0},"end":{"line":1,"column":41}},"1":{"start":{"line":2,"column":0},"end":{"line":2,"column":65}},"2":{"start":{"line":5,"column":2},"end":{"line":5,"column":55}},"3":{"start":{"line":9,"column":17},"end":{"line":9,"column":69}},"4":{"start":{"line":10,"column":2},"end":{"line":10,"column":37}},"5":{"start":{"line":10,"column":15},"end":{"line":10,"column":37}},"6":{"start":{"line":11,"column":2},"end":{"line":11,"column":16}},"7":{"start":{"line":15,"column":21},"end":{"line":15,"column":66}},"8":{"start":{"line":16,"column":2},"end":{"line":16,"column":41}},"9":{"start":{"line":16,"column":19},"end":{"line":16,"column":41}},"10":{"start":{"line":17,"column":2},"end":{"line":17,"column":82}},"11":{"start":{"line":20,"column":22},"end":{"line":24,"column":2}},"12":{"start":{"line":25,"column":0},"end":{"line":25,"column":29}}},"fnMap":{"0":{"name":"getAllTicketsTypes","decl":{"start":{"line":4,"column":15},"end":{"line":4,"column":33}},"loc":{"start":{"line":4,"column":33},"end":{"line":6,"column":1}}},"1":{"name":"getTicketByUser","decl":{"start":{"line":8,"column":15},"end":{"line":8,"column":30}},"loc":{"start":{"line":8,"column":45},"end":{"line":12,"column":1}}},"2":{"name":"insertTicket","decl":{"start":{"line":14,"column":15},"end":{"line":14,"column":27}},"loc":{"start":{"line":14,"column":64},"end":{"line":18,"column":1}}}},"branchMap":{"0":{"loc":{"start":{"line":10,"column":2},"end":{"line":10,"column":37}},"type":"if","locations":[{"start":{"line":10,"column":2},"end":{"line":10,"column":37}}]},"1":{"loc":{"start":{"line":16,"column":2},"end":{"line":16,"column":41}},"type":"if","locations":[{"start":{"line":16,"column":2},"end":{"line":16,"column":41}}]}},"s":{"0":1,"1":1,"2":1,"3":2,"4":2,"5":1,"6":1,"7":2,"8":2,"9":1,"10":1,"11":1,"12":1},"f":{"0":1,"1":2,"2":2},"b":{"0":[1],"1":[1]}}
,"/home/guilherme/driven/drivent1-ref-initial/tests/factories/booking-factory.ts": {"path":"/home/guilherme/driven/drivent1-ref-initial/tests/factories/booking-factory.ts","statementMap":{"0":{"start":{"line":1,"column":0},"end":{"line":1,"column":36}},"1":{"start":{"line":3,"column":0},"end":{"line":3,"column":34}},"2":{"start":{"line":6,"column":2},"end":{"line":12,"column":15}},"3":{"start":{"line":5,"column":0},"end":{"line":5,"column":16}},"4":{"start":{"line":16,"column":2},"end":{"line":21,"column":5}},"5":{"start":{"line":15,"column":0},"end":{"line":15,"column":7}},"6":{"start":{"line":25,"column":2},"end":{"line":25,"column":60}},"7":{"start":{"line":24,"column":0},"end":{"line":24,"column":7}}},"fnMap":{"0":{"name":"fakeBooking","decl":{"start":{"line":5,"column":16},"end":{"line":5,"column":27}},"loc":{"start":{"line":5,"column":27},"end":{"line":13,"column":1}}},"1":{"name":"createBooking","decl":{"start":{"line":15,"column":22},"end":{"line":15,"column":35}},"loc":{"start":{"line":15,"column":62},"end":{"line":22,"column":1}}},"2":{"name":"findBookingById","decl":{"start":{"line":24,"column":22},"end":{"line":24,"column":37}},"loc":{"start":{"line":24,"column":48},"end":{"line":26,"column":1}}}},"branchMap":{"0":{"loc":{"start":{"line":15,"column":52},"end":{"line":15,"column":62}},"type":"default-arg","locations":[{"start":{"line":15,"column":61},"end":{"line":15,"column":62}}]}},"s":{"0":1,"1":1,"2":4,"3":1,"4":0,"5":1,"6":0,"7":1},"f":{"0":4,"1":0,"2":0},"b":{"0":[0]}}
,"/home/guilherme/driven/drivent1-ref-initial/tests/factories/enrollments-factory.ts": {"path":"/home/guilherme/driven/drivent1-ref-initial/tests/factories/enrollments-factory.ts","statementMap":{"0":{"start":{"line":1,"column":0},"end":{"line":1,"column":36}},"1":{"start":{"line":2,"column":0},"end":{"line":2,"column":74}},"2":{"start":{"line":5,"column":0},"end":{"line":5,"column":45}},"3":{"start":{"line":6,"column":0},"end":{"line":6,"column":34}},"4":{"start":{"line":9,"column":2},"end":{"line":18,"column":18}},"5":{"start":{"line":8,"column":0},"end":{"line":8,"column":16}},"6":{"start":{"line":22,"column":23},"end":{"line":22,"column":51}},"7":{"start":{"line":24,"column":2},"end":{"line":45,"column":5}},"8":{"start":{"line":21,"column":0},"end":{"line":21,"column":7}},"9":{"start":{"line":49,"column":2},"end":{"line":55,"column":4}},"10":{"start":{"line":48,"column":0},"end":{"line":48,"column":16}}},"fnMap":{"0":{"name":"enrollmentFake","decl":{"start":{"line":8,"column":16},"end":{"line":8,"column":30}},"loc":{"start":{"line":8,"column":30},"end":{"line":19,"column":1}}},"1":{"name":"createEnrollmentWithAddress","decl":{"start":{"line":21,"column":22},"end":{"line":21,"column":49}},"loc":{"start":{"line":21,"column":61},"end":{"line":46,"column":1}}},"2":{"name":"createhAddressWithCEP","decl":{"start":{"line":48,"column":16},"end":{"line":48,"column":37}},"loc":{"start":{"line":48,"column":37},"end":{"line":56,"column":1}}}},"branchMap":{"0":{"loc":{"start":{"line":22,"column":23},"end":{"line":22,"column":51}},"type":"binary-expr","locations":[{"start":{"line":22,"column":23},"end":{"line":22,"column":27}},{"start":{"line":22,"column":32},"end":{"line":22,"column":50}}]}},"s":{"0":2,"1":2,"2":2,"3":2,"4":1,"5":2,"6":0,"7":0,"8":2,"9":0,"10":2},"f":{"0":1,"1":0,"2":0},"b":{"0":[0,0]}}
,"/home/guilherme/driven/drivent1-ref-initial/tests/factories/events-factory.ts": {"path":"/home/guilherme/driven/drivent1-ref-initial/tests/factories/events-factory.ts","statementMap":{"0":{"start":{"line":1,"column":0},"end":{"line":1,"column":26}},"1":{"start":{"line":2,"column":0},"end":{"line":2,"column":36}},"2":{"start":{"line":4,"column":0},"end":{"line":4,"column":34}},"3":{"start":{"line":7,"column":2},"end":{"line":15,"column":5}},"4":{"start":{"line":6,"column":0},"end":{"line":6,"column":16}}},"fnMap":{"0":{"name":"createEvent","decl":{"start":{"line":6,"column":16},"end":{"line":6,"column":27}},"loc":{"start":{"line":6,"column":55},"end":{"line":16,"column":1}}}},"branchMap":{"0":{"loc":{"start":{"line":6,"column":28},"end":{"line":6,"column":55}},"type":"default-arg","locations":[{"start":{"line":6,"column":53},"end":{"line":6,"column":55}}]},"1":{"loc":{"start":{"line":9,"column":13},"end":{"line":9,"column":51}},"type":"binary-expr","locations":[{"start":{"line":9,"column":13},"end":{"line":9,"column":25}},{"start":{"line":9,"column":29},"end":{"line":9,"column":51}}]},"2":{"loc":{"start":{"line":10,"column":26},"end":{"line":10,"column":77}},"type":"binary-expr","locations":[{"start":{"line":10,"column":26},"end":{"line":10,"column":51}},{"start":{"line":10,"column":55},"end":{"line":10,"column":77}}]},"3":{"loc":{"start":{"line":11,"column":20},"end":{"line":11,"column":65}},"type":"binary-expr","locations":[{"start":{"line":11,"column":20},"end":{"line":11,"column":39}},{"start":{"line":11,"column":43},"end":{"line":11,"column":65}}]},"4":{"loc":{"start":{"line":12,"column":16},"end":{"line":12,"column":70}},"type":"binary-expr","locations":[{"start":{"line":12,"column":16},"end":{"line":12,"column":31}},{"start":{"line":12,"column":35},"end":{"line":12,"column":70}}]},"5":{"loc":{"start":{"line":13,"column":14},"end":{"line":13,"column":62}},"type":"binary-expr","locations":[{"start":{"line":13,"column":14},"end":{"line":13,"column":27}},{"start":{"line":13,"column":31},"end":{"line":13,"column":62}}]}},"s":{"0":2,"1":2,"2":2,"3":0,"4":2},"f":{"0":0},"b":{"0":[0],"1":[0,0],"2":[0,0],"3":[0,0],"4":[0,0],"5":[0,0]}}
,"/home/guilherme/driven/drivent1-ref-initial/tests/factories/hotels-factory.ts": {"path":"/home/guilherme/driven/drivent1-ref-initial/tests/factories/hotels-factory.ts","statementMap":{"0":{"start":{"line":1,"column":0},"end":{"line":1,"column":36}},"1":{"start":{"line":3,"column":0},"end":{"line":3,"column":34}},"2":{"start":{"line":6,"column":2},"end":{"line":13,"column":12}},"3":{"start":{"line":5,"column":0},"end":{"line":5,"column":16}},"4":{"start":{"line":17,"column":2},"end":{"line":44,"column":5}},"5":{"start":{"line":16,"column":0},"end":{"line":16,"column":7}},"6":{"start":{"line":48,"column":2},"end":{"line":56,"column":5}},"7":{"start":{"line":47,"column":0},"end":{"line":47,"column":7}}},"fnMap":{"0":{"name":"fakeRoom","decl":{"start":{"line":5,"column":16},"end":{"line":5,"column":24}},"loc":{"start":{"line":5,"column":24},"end":{"line":14,"column":1}}},"1":{"name":"createHotelWithRooms","decl":{"start":{"line":16,"column":22},"end":{"line":16,"column":42}},"loc":{"start":{"line":16,"column":42},"end":{"line":45,"column":1}}},"2":{"name":"createHotelWithoutRooms","decl":{"start":{"line":47,"column":22},"end":{"line":47,"column":45}},"loc":{"start":{"line":47,"column":45},"end":{"line":57,"column":1}}}},"branchMap":{},"s":{"0":2,"1":2,"2":5,"3":2,"4":0,"5":2,"6":0,"7":2},"f":{"0":5,"1":0,"2":0},"b":{}}
,"/home/guilherme/driven/drivent1-ref-initial/tests/factories/index.ts": {"path":"/home/guilherme/driven/drivent1-ref-initial/tests/factories/index.ts","statementMap":{"0":{"start":{"line":1,"column":0},"end":{"line":1,"column":32}},"1":{"start":{"line":2,"column":0},"end":{"line":2,"column":33}},"2":{"start":{"line":3,"column":0},"end":{"line":3,"column":35}},"3":{"start":{"line":4,"column":0},"end":{"line":4,"column":38}},"4":{"start":{"line":5,"column":0},"end":{"line":5,"column":34}},"5":{"start":{"line":6,"column":0},"end":{"line":6,"column":35}},"6":{"start":{"line":7,"column":0},"end":{"line":7,"column":33}}},"fnMap":{},"branchMap":{},"s":{"0":2,"1":2,"2":2,"3":2,"4":2,"5":2,"6":2},"f":{},"b":{}}
,"/home/guilherme/driven/drivent1-ref-initial/tests/factories/payments-factory.ts": {"path":"/home/guilherme/driven/drivent1-ref-initial/tests/factories/payments-factory.ts","statementMap":{"0":{"start":{"line":1,"column":0},"end":{"line":1,"column":36}},"1":{"start":{"line":2,"column":0},"end":{"line":2,"column":34}},"2":{"start":{"line":5,"column":2},"end":{"line":12,"column":5}},"3":{"start":{"line":4,"column":0},"end":{"line":4,"column":7}},"4":{"start":{"line":16,"column":21},"end":{"line":16,"column":40}},"5":{"start":{"line":18,"column":2},"end":{"line":24,"column":4}},"6":{"start":{"line":15,"column":0},"end":{"line":15,"column":16}}},"fnMap":{"0":{"name":"createPayment","decl":{"start":{"line":4,"column":22},"end":{"line":4,"column":35}},"loc":{"start":{"line":4,"column":67},"end":{"line":13,"column":1}}},"1":{"name":"generateCreditCardData","decl":{"start":{"line":15,"column":16},"end":{"line":15,"column":38}},"loc":{"start":{"line":15,"column":38},"end":{"line":25,"column":1}}}},"branchMap":{},"s":{"0":2,"1":2,"2":0,"3":2,"4":0,"5":0,"6":2},"f":{"0":0,"1":0},"b":{}}
,"/home/guilherme/driven/drivent1-ref-initial/tests/factories/sessions-factory.ts": {"path":"/home/guilherme/driven/drivent1-ref-initial/tests/factories/sessions-factory.ts","statementMap":{"0":{"start":{"line":2,"column":0},"end":{"line":2,"column":45}},"1":{"start":{"line":3,"column":0},"end":{"line":3,"column":34}},"2":{"start":{"line":6,"column":15},"end":{"line":6,"column":33}},"3":{"start":{"line":8,"column":2},"end":{"line":13,"column":5}},"4":{"start":{"line":5,"column":0},"end":{"line":5,"column":7}}},"fnMap":{"0":{"name":"createSession","decl":{"start":{"line":5,"column":22},"end":{"line":5,"column":35}},"loc":{"start":{"line":5,"column":49},"end":{"line":14,"column":1}}}},"branchMap":{},"s":{"0":2,"1":2,"2":0,"3":0,"4":2},"f":{"0":0},"b":{}}
,"/home/guilherme/driven/drivent1-ref-initial/tests/factories/tickets-factory.ts": {"path":"/home/guilherme/driven/drivent1-ref-initial/tests/factories/tickets-factory.ts","statementMap":{"0":{"start":{"line":1,"column":0},"end":{"line":1,"column":36}},"1":{"start":{"line":3,"column":0},"end":{"line":3,"column":34}},"2":{"start":{"line":6,"column":2},"end":{"line":13,"column":14}},"3":{"start":{"line":5,"column":0},"end":{"line":5,"column":16}},"4":{"start":{"line":17,"column":2},"end":{"line":25,"column":18}},"5":{"start":{"line":16,"column":0},"end":{"line":16,"column":16}},"6":{"start":{"line":29,"column":2},"end":{"line":36,"column":5}},"7":{"start":{"line":28,"column":0},"end":{"line":28,"column":7}},"8":{"start":{"line":40,"column":2},"end":{"line":46,"column":5}},"9":{"start":{"line":39,"column":0},"end":{"line":39,"column":7}}},"fnMap":{"0":{"name":"fakeTicket","decl":{"start":{"line":5,"column":16},"end":{"line":5,"column":26}},"loc":{"start":{"line":5,"column":47},"end":{"line":14,"column":1}}},"1":{"name":"fakeTicketType","decl":{"start":{"line":16,"column":16},"end":{"line":16,"column":30}},"loc":{"start":{"line":16,"column":70},"end":{"line":26,"column":1}}},"2":{"name":"createTicketType","decl":{"start":{"line":28,"column":22},"end":{"line":28,"column":38}},"loc":{"start":{"line":28,"column":78},"end":{"line":37,"column":1}}},"3":{"name":"createTicket","decl":{"start":{"line":39,"column":22},"end":{"line":39,"column":34}},"loc":{"start":{"line":39,"column":99},"end":{"line":47,"column":1}}}},"branchMap":{"0":{"loc":{"start":{"line":16,"column":31},"end":{"line":16,"column":47}},"type":"default-arg","locations":[{"start":{"line":16,"column":42},"end":{"line":16,"column":47}}]},"1":{"loc":{"start":{"line":16,"column":49},"end":{"line":16,"column":70}},"type":"default-arg","locations":[{"start":{"line":16,"column":65},"end":{"line":16,"column":70}}]},"2":{"loc":{"start":{"line":28,"column":39},"end":{"line":28,"column":55}},"type":"default-arg","locations":[{"start":{"line":28,"column":50},"end":{"line":28,"column":55}}]},"3":{"loc":{"start":{"line":28,"column":57},"end":{"line":28,"column":78}},"type":"default-arg","locations":[{"start":{"line":28,"column":73},"end":{"line":28,"column":78}}]}},"s":{"0":2,"1":2,"2":8,"3":2,"4":8,"5":2,"6":0,"7":2,"8":0,"9":2},"f":{"0":8,"1":8,"2":0,"3":0},"b":{"0":[2],"1":[2],"2":[0],"3":[0]}}
,"/home/guilherme/driven/drivent1-ref-initial/tests/factories/users-factory.ts": {"path":"/home/guilherme/driven/drivent1-ref-initial/tests/factories/users-factory.ts","statementMap":{"0":{"start":{"line":1,"column":0},"end":{"line":1,"column":28}},"1":{"start":{"line":2,"column":0},"end":{"line":2,"column":36}},"2":{"start":{"line":4,"column":0},"end":{"line":4,"column":34}},"3":{"start":{"line":7,"column":27},"end":{"line":7,"column":72}},"4":{"start":{"line":8,"column":25},"end":{"line":8,"column":64}},"5":{"start":{"line":10,"column":2},"end":{"line":15,"column":5}},"6":{"start":{"line":6,"column":0},"end":{"line":6,"column":7}}},"fnMap":{"0":{"name":"createUser","decl":{"start":{"line":6,"column":22},"end":{"line":6,"column":32}},"loc":{"start":{"line":6,"column":59},"end":{"line":16,"column":1}}}},"branchMap":{"0":{"loc":{"start":{"line":6,"column":33},"end":{"line":6,"column":59}},"type":"default-arg","locations":[{"start":{"line":6,"column":57},"end":{"line":6,"column":59}}]},"1":{"loc":{"start":{"line":7,"column":27},"end":{"line":7,"column":72}},"type":"binary-expr","locations":[{"start":{"line":7,"column":27},"end":{"line":7,"column":42}},{"start":{"line":7,"column":46},"end":{"line":7,"column":72}}]},"2":{"loc":{"start":{"line":12,"column":13},"end":{"line":12,"column":51}},"type":"binary-expr","locations":[{"start":{"line":12,"column":13},"end":{"line":12,"column":25}},{"start":{"line":12,"column":29},"end":{"line":12,"column":51}}]}},"s":{"0":2,"1":2,"2":2,"3":0,"4":0,"5":0,"6":2},"f":{"0":0},"b":{"0":[0],"1":[0,0],"2":[0,0]}}
}
