TN:
SF:src/config/database.ts
FN:4,connectDb
FN:8,disconnectDB
FNF:2
FNH:0
FNDA:0,connectDb
FNDA:0,disconnectDB
DA:1,2
DA:4,2
DA:5,0
DA:8,2
DA:9,0
LF:5
LH:3
BRF:0
BRH:0
end_of_record
TN:
SF:src/config/envs.ts
FN:4,loadEnv
FNF:1
FNH:1
FNDA:2,loadEnv
DA:1,2
DA:2,2
DA:4,2
DA:6,2
DA:12,2
DA:13,2
LF:6
LH:6
BRDA:6,0,0,2
BRDA:6,0,1,0
BRDA:8,1,0,0
BRDA:8,1,1,0
BRF:4
BRH:1
end_of_record
TN:
SF:src/config/index.ts
FNF:0
FNH:0
DA:1,2
DA:2,2
LF:2
LH:2
BRF:0
BRH:0
end_of_record
TN:
SF:src/errors/cannot-enroll-before-start-date-error.ts
FN:3,cannotEnrollBeforeStartDateError
FNF:1
FNH:0
FNDA:0,cannotEnrollBeforeStartDateError
DA:3,2
DA:4,0
LF:2
LH:1
BRF:0
BRH:0
end_of_record
TN:
SF:src/errors/conflict-error.ts
FN:3,conflictError
FNF:1
FNH:0
FNDA:0,conflictError
DA:3,2
DA:4,0
LF:2
LH:1
BRF:0
BRH:0
end_of_record
TN:
SF:src/errors/forbidden-error.ts
FN:3,forbiddenError
FNF:1
FNH:1
FNDA:14,forbiddenError
DA:3,2
DA:4,14
LF:2
LH:2
BRF:0
BRH:0
end_of_record
TN:
SF:src/errors/index.ts
FNF:0
FNH:0
DA:1,2
DA:2,2
DA:3,2
DA:4,2
DA:5,2
DA:6,2
DA:7,2
DA:8,2
DA:9,2
LF:9
LH:9
BRF:0
BRH:0
end_of_record
TN:
SF:src/errors/invalid-data-error.ts
FN:3,invalidDataError
FNF:1
FNH:0
FNDA:0,invalidDataError
DA:3,2
DA:4,0
LF:2
LH:1
BRF:0
BRH:0
end_of_record
TN:
SF:src/errors/invalid-email-error.ts
FN:3,invalidEmailError
FNF:1
FNH:0
FNDA:0,invalidEmailError
DA:3,2
DA:4,0
LF:2
LH:1
BRF:0
BRH:0
end_of_record
TN:
SF:src/errors/not-found-error.ts
FN:3,notFoundError
FNF:1
FNH:1
FNDA:10,notFoundError
DA:3,2
DA:4,10
LF:2
LH:2
BRF:0
BRH:0
end_of_record
TN:
SF:src/errors/payment-required-error.ts
FN:3,paymentRequiredError
FNF:1
FNH:0
FNDA:0,paymentRequiredError
DA:3,2
DA:4,0
LF:2
LH:1
BRF:0
BRH:0
end_of_record
TN:
SF:src/errors/request-error.ts
FN:3,requestError
FNF:1
FNH:0
FNDA:0,requestError
DA:3,2
DA:4,0
LF:2
LH:1
BRF:0
BRH:0
end_of_record
TN:
SF:src/errors/unauthorized-error.ts
FN:3,unauthorizedError
FNF:1
FNH:0
FNDA:0,unauthorizedError
DA:3,2
DA:4,0
LF:2
LH:1
BRF:0
BRH:0
end_of_record
TN:
SF:src/repositories/booking-repository/index.ts
FN:4,findFirstBooking
FN:14,createBooking
FN:26,checkRoom
FN:41,updateBookig
FN:52,checkBooking
FNF:5
FNH:0
FNDA:0,findFirstBooking
FNDA:0,createBooking
FNDA:0,checkRoom
FNDA:0,updateBookig
FNDA:0,checkBooking
DA:2,1
DA:5,0
DA:15,0
DA:27,0
DA:42,0
DA:53,0
DA:56,1
DA:63,1
LF:8
LH:3
BRF:0
BRH:0
end_of_record
TN:
SF:src/repositories/tickets-repository/index.ts
FN:4,findManyTicketsTypes
FN:8,findUniqueTicketById
FN:22,findFirstTicketByUser
FN:35,findEnrollment
FN:39,createTicket
FNF:5
FNH:0
FNDA:0,findManyTicketsTypes
FNDA:0,findUniqueTicketById
FNDA:0,findFirstTicketByUser
FNDA:0,findEnrollment
FNDA:0,createTicket
DA:2,2
DA:5,0
DA:9,0
DA:23,0
DA:36,0
DA:40,0
DA:51,0
DA:54,2
DA:61,2
LF:9
LH:3
BRF:0
BRH:0
end_of_record
TN:
SF:src/services/booking-service/index.ts
FN:6,getBooking
FN:13,postBooking
FN:26,updateBooking
FNF:3
FNH:3
FNDA:2,getBooking
FNDA:6,postBooking
FNDA:5,updateBooking
DA:1,1
DA:2,1
DA:3,1
DA:4,1
DA:7,2
DA:8,2
DA:10,1
DA:14,6
DA:15,6
DA:16,3
DA:18,3
DA:19,3
DA:20,2
DA:22,1
DA:23,1
DA:27,5
DA:28,5
DA:29,4
DA:31,3
DA:32,3
DA:33,2
DA:35,1
DA:37,1
DA:40,1
DA:45,1
LF:25
LH:25
BRDA:8,0,0,1
BRDA:15,1,0,3
BRDA:15,2,0,6
BRDA:15,2,1,5
BRDA:15,2,2,4
BRDA:19,3,0,1
BRDA:20,4,0,1
BRDA:28,5,0,1
BRDA:29,6,0,1
BRDA:32,7,0,1
BRDA:33,8,0,1
BRF:11
BRH:11
end_of_record
TN:
SF:src/services/tickets-service/index.ts
FN:4,getAllTicketsTypes
FN:8,getTicketByUser
FN:14,insertTicket
FNF:3
FNH:3
FNDA:1,getAllTicketsTypes
FNDA:2,getTicketByUser
FNDA:2,insertTicket
DA:1,1
DA:2,1
DA:5,1
DA:9,2
DA:10,2
DA:11,1
DA:15,2
DA:16,2
DA:17,1
DA:20,1
DA:25,1
LF:11
LH:11
BRDA:10,0,0,1
BRDA:16,1,0,1
BRF:2
BRH:2
end_of_record
TN:
SF:tests/factories/booking-factory.ts
FN:5,fakeBooking
FN:15,createBooking
FN:24,findBookingById
FNF:3
FNH:1
FNDA:4,fakeBooking
FNDA:0,createBooking
FNDA:0,findBookingById
DA:1,1
DA:3,1
DA:5,1
DA:6,4
DA:15,1
DA:16,0
DA:24,1
DA:25,0
LF:8
LH:6
BRDA:15,0,0,0
BRF:1
BRH:0
end_of_record
TN:
SF:tests/factories/enrollments-factory.ts
FN:8,enrollmentFake
FN:21,createEnrollmentWithAddress
FN:48,createhAddressWithCEP
FNF:3
FNH:1
FNDA:1,enrollmentFake
FNDA:0,createEnrollmentWithAddress
FNDA:0,createhAddressWithCEP
DA:1,2
DA:2,2
DA:5,2
DA:6,2
DA:8,2
DA:9,1
DA:21,2
DA:22,0
DA:24,0
DA:48,2
DA:49,0
LF:11
LH:8
BRDA:22,0,0,0
BRDA:22,0,1,0
BRF:2
BRH:0
end_of_record
TN:
SF:tests/factories/events-factory.ts
FN:6,createEvent
FNF:1
FNH:0
FNDA:0,createEvent
DA:1,2
DA:2,2
DA:4,2
DA:6,2
DA:7,0
LF:5
LH:4
BRDA:6,0,0,0
BRDA:9,1,0,0
BRDA:9,1,1,0
BRDA:10,2,0,0
BRDA:10,2,1,0
BRDA:11,3,0,0
BRDA:11,3,1,0
BRDA:12,4,0,0
BRDA:12,4,1,0
BRDA:13,5,0,0
BRDA:13,5,1,0
BRF:11
BRH:0
end_of_record
TN:
SF:tests/factories/hotels-factory.ts
FN:5,fakeRoom
FN:16,createHotelWithRooms
FN:47,createHotelWithoutRooms
FNF:3
FNH:1
FNDA:5,fakeRoom
FNDA:0,createHotelWithRooms
FNDA:0,createHotelWithoutRooms
DA:1,2
DA:3,2
DA:5,2
DA:6,5
DA:16,2
DA:17,0
DA:47,2
DA:48,0
LF:8
LH:6
BRF:0
BRH:0
end_of_record
TN:
SF:tests/factories/index.ts
FNF:0
FNH:0
DA:1,2
DA:2,2
DA:3,2
DA:4,2
DA:5,2
DA:6,2
DA:7,2
LF:7
LH:7
BRF:0
BRH:0
end_of_record
TN:
SF:tests/factories/payments-factory.ts
FN:4,createPayment
FN:15,generateCreditCardData
FNF:2
FNH:0
FNDA:0,createPayment
FNDA:0,generateCreditCardData
DA:1,2
DA:2,2
DA:4,2
DA:5,0
DA:15,2
DA:16,0
DA:18,0
LF:7
LH:4
BRF:0
BRH:0
end_of_record
TN:
SF:tests/factories/sessions-factory.ts
FN:5,createSession
FNF:1
FNH:0
FNDA:0,createSession
DA:2,2
DA:3,2
DA:5,2
DA:6,0
DA:8,0
LF:5
LH:3
BRF:0
BRH:0
end_of_record
TN:
SF:tests/factories/tickets-factory.ts
FN:5,fakeTicket
FN:16,fakeTicketType
FN:28,createTicketType
FN:39,createTicket
FNF:4
FNH:2
FNDA:8,fakeTicket
FNDA:8,fakeTicketType
FNDA:0,createTicketType
FNDA:0,createTicket
DA:1,2
DA:3,2
DA:5,2
DA:6,8
DA:16,2
DA:17,8
DA:28,2
DA:29,0
DA:39,2
DA:40,0
LF:10
LH:8
BRDA:16,0,0,2
BRDA:16,1,0,2
BRDA:28,2,0,0
BRDA:28,3,0,0
BRF:4
BRH:2
end_of_record
TN:
SF:tests/factories/users-factory.ts
FN:6,createUser
FNF:1
FNH:0
FNDA:0,createUser
DA:1,2
DA:2,2
DA:4,2
DA:6,2
DA:7,0
DA:8,0
DA:10,0
LF:7
LH:4
BRDA:6,0,0,0
BRDA:7,1,0,0
BRDA:7,1,1,0
BRDA:12,2,0,0
BRDA:12,2,1,0
BRF:5
BRH:0
end_of_record
